[11-Apr-2017 01:10:02 Europe/Madrid] PHP Fatal error:  Call to a member function create() on a non-object in /home/ubuntu/workspace/drupal-8.3.0/modules/backup_migrate/vendor/backupmigrate/core/src/Source/MySQLiSource.php on line 48
[11-Apr-2017 01:10:02 Europe/Madrid] PHP Stack trace:
[11-Apr-2017 01:10:02 Europe/Madrid] PHP   1. {main}() /home/ubuntu/workspace/drupal-8.3.0/index.php:0
[11-Apr-2017 01:10:02 Europe/Madrid] PHP   2. Drupal\Core\DrupalKernel->handle() /home/ubuntu/workspace/drupal-8.3.0/index.php:19
[11-Apr-2017 01:10:02 Europe/Madrid] PHP   3. Stack\StackedHttpKernel->handle() /home/ubuntu/workspace/drupal-8.3.0/core/lib/Drupal/Core/DrupalKernel.php:656
[11-Apr-2017 01:10:02 Europe/Madrid] PHP   4. Drupal\Core\StackMiddleware\NegotiationMiddleware->handle() /home/ubuntu/workspace/drupal-8.3.0/vendor/stack/builder/src/Stack/StackedHttpKernel.php:23
[11-Apr-2017 01:10:02 Europe/Madrid] PHP   5. Drupal\Core\StackMiddleware\ReverseProxyMiddleware->handle() /home/ubuntu/workspace/drupal-8.3.0/core/lib/Drupal/Core/StackMiddleware/NegotiationMiddleware.php:50
[11-Apr-2017 01:10:02 Europe/Madrid] PHP   6. Drupal\page_cache\StackMiddleware\PageCache->handle() /home/ubuntu/workspace/drupal-8.3.0/core/lib/Drupal/Core/StackMiddleware/ReverseProxyMiddleware.php:47
[11-Apr-2017 01:10:02 Europe/Madrid] PHP   7. Drupal\page_cache\StackMiddleware\PageCache->pass() /home/ubuntu/workspace/drupal-8.3.0/core/modules/page_cache/src/StackMiddleware/PageCache.php:78
[11-Apr-2017 01:10:02 Europe/Madrid] PHP   8. Drupal\Core\StackMiddleware\KernelPreHandle->handle() /home/ubuntu/workspace/drupal-8.3.0/core/modules/page_cache/src/StackMiddleware/PageCache.php:99
[11-Apr-2017 01:10:02 Europe/Madrid] PHP   9. Drupal\Core\StackMiddleware\Session->handle() /home/ubuntu/workspace/drupal-8.3.0/core/lib/Drupal/Core/StackMiddleware/KernelPreHandle.php:47
[11-Apr-2017 01:10:02 Europe/Madrid] PHP  10. Symfony\Component\HttpKernel\HttpKernel->handle() /home/ubuntu/workspace/drupal-8.3.0/core/lib/Drupal/Core/StackMiddleware/Session.php:57
[11-Apr-2017 01:10:02 Europe/Madrid] PHP  11. Symfony\Component\HttpKernel\HttpKernel->handleRaw() /home/ubuntu/workspace/drupal-8.3.0/vendor/symfony/http-kernel/HttpKernel.php:64
[11-Apr-2017 01:10:02 Europe/Madrid] PHP  12. call_user_func_array:{/home/ubuntu/workspace/drupal-8.3.0/vendor/symfony/http-kernel/HttpKernel.php:144}() /home/ubuntu/workspace/drupal-8.3.0/vendor/symfony/http-kernel/HttpKernel.php:144
[11-Apr-2017 01:10:02 Europe/Madrid] PHP  13. Drupal\Core\EventSubscriber\EarlyRenderingControllerWrapperSubscriber->Drupal\Core\EventSubscriber\{closure}() /home/ubuntu/workspace/drupal-8.3.0/vendor/symfony/http-kernel/HttpKernel.php:144
[11-Apr-2017 01:10:02 Europe/Madrid] PHP  14. Drupal\Core\EventSubscriber\EarlyRenderingControllerWrapperSubscriber->wrapControllerExecutionInRenderContext() /home/ubuntu/workspace/drupal-8.3.0/core/lib/Drupal/Core/EventSubscriber/EarlyRenderingControllerWrapperSubscriber.php:97
[11-Apr-2017 01:10:02 Europe/Madrid] PHP  15. Drupal\Core\Render\Renderer->executeInRenderContext() /home/ubuntu/workspace/drupal-8.3.0/core/lib/Drupal/Core/EventSubscriber/EarlyRenderingControllerWrapperSubscriber.php:124
[11-Apr-2017 01:10:02 Europe/Madrid] PHP  16. Drupal\Core\EventSubscriber\EarlyRenderingControllerWrapperSubscriber->Drupal\Core\EventSubscriber\{closure}() /home/ubuntu/workspace/drupal-8.3.0/core/lib/Drupal/Core/Render/Renderer.php:574
[11-Apr-2017 01:10:02 Europe/Madrid] PHP  17. call_user_func_array:{/home/ubuntu/workspace/drupal-8.3.0/core/lib/Drupal/Core/EventSubscriber/EarlyRenderingControllerWrapperSubscriber.php:123}() /home/ubuntu/workspace/drupal-8.3.0/core/lib/Drupal/Core/EventSubscriber/EarlyRenderingControllerWrapperSubscriber.php:123
[11-Apr-2017 01:10:02 Europe/Madrid] PHP  18. Drupal\Core\Controller\FormController->getContentResult() /home/ubuntu/workspace/drupal-8.3.0/core/lib/Drupal/Core/EventSubscriber/EarlyRenderingControllerWrapperSubscriber.php:123
[11-Apr-2017 01:10:02 Europe/Madrid] PHP  19. Drupal\Core\Form\FormBuilder->buildForm() /home/ubuntu/workspace/drupal-8.3.0/core/lib/Drupal/Core/Controller/FormController.php:74
[11-Apr-2017 01:10:02 Europe/Madrid] PHP  20. Drupal\Core\Form\FormBuilder->processForm() /home/ubuntu/workspace/drupal-8.3.0/core/lib/Drupal/Core/Form/FormBuilder.php:314
[11-Apr-2017 01:10:02 Europe/Madrid] PHP  21. Drupal\Core\Form\FormSubmitter->doSubmitForm() /home/ubuntu/workspace/drupal-8.3.0/core/lib/Drupal/Core/Form/FormBuilder.php:585
[11-Apr-2017 01:10:02 Europe/Madrid] PHP  22. Drupal\Core\Form\FormSubmitter->executeSubmitHandlers() /home/ubuntu/workspace/drupal-8.3.0/core/lib/Drupal/Core/Form/FormSubmitter.php:51
[11-Apr-2017 01:10:02 Europe/Madrid] PHP  23. call_user_func_array:{/home/ubuntu/workspace/drupal-8.3.0/core/lib/Drupal/Core/Form/FormSubmitter.php:111}() /home/ubuntu/workspace/drupal-8.3.0/core/lib/Drupal/Core/Form/FormSubmitter.php:111
[11-Apr-2017 01:10:02 Europe/Madrid] PHP  24. Drupal\backup_migrate\Form\BackupMigrateQuickBackupForm->submitForm() /home/ubuntu/workspace/drupal-8.3.0/core/lib/Drupal/Core/Form/FormSubmitter.php:111
[11-Apr-2017 01:10:02 Europe/Madrid] PHP  25. backup_migrate_perform_backup() /home/ubuntu/workspace/drupal-8.3.0/modules/backup_migrate/src/Form/BackupMigrateQuickBackupForm.php:88
[11-Apr-2017 01:10:02 Europe/Madrid] PHP  26. BackupMigrate\Core\Main\BackupMigrate->backup() /home/ubuntu/workspace/drupal-8.3.0/modules/backup_migrate/backup_migrate.module:26
[11-Apr-2017 01:10:02 Europe/Madrid] PHP  27. BackupMigrate\Core\Source\FileDirectorySource->exportToFile() /home/ubuntu/workspace/drupal-8.3.0/modules/backup_migrate/vendor/backupmigrate/core/src/Main/BackupMigrate.php:93
[11-Apr-2017 01:10:02 Europe/Madrid] PHP  28. BackupMigrate\Drupal\Source\DrupalSiteArchiveSource->getFilesToBackup() /home/ubuntu/workspace/drupal-8.3.0/modules/backup_migrate/vendor/backupmigrate/core/src/Source/FileDirectorySource.php:68
[11-Apr-2017 01:10:02 Europe/Madrid] PHP  29. BackupMigrate\Core\Source\MySQLiSource->exportToFile() /home/ubuntu/workspace/drupal-8.3.0/modules/backup_migrate/src/Source/DrupalSiteArchiveSource.php:60
[11-Apr-2017 01:11:27 Europe/Madrid] PHP Fatal error:  Call to a member function create() on a non-object in /home/ubuntu/workspace/drupal-8.3.0/modules/backup_migrate/vendor/backupmigrate/core/src/Source/MySQLiSource.php on line 48
[11-Apr-2017 01:11:27 Europe/Madrid] PHP Stack trace:
[11-Apr-2017 01:11:27 Europe/Madrid] PHP   1. {main}() /home/ubuntu/workspace/drupal-8.3.0/index.php:0
[11-Apr-2017 01:11:27 Europe/Madrid] PHP   2. Drupal\Core\DrupalKernel->handle() /home/ubuntu/workspace/drupal-8.3.0/index.php:19
[11-Apr-2017 01:11:27 Europe/Madrid] PHP   3. Stack\StackedHttpKernel->handle() /home/ubuntu/workspace/drupal-8.3.0/core/lib/Drupal/Core/DrupalKernel.php:656
[11-Apr-2017 01:11:27 Europe/Madrid] PHP   4. Drupal\Core\StackMiddleware\NegotiationMiddleware->handle() /home/ubuntu/workspace/drupal-8.3.0/vendor/stack/builder/src/Stack/StackedHttpKernel.php:23
[11-Apr-2017 01:11:27 Europe/Madrid] PHP   5. Drupal\Core\StackMiddleware\ReverseProxyMiddleware->handle() /home/ubuntu/workspace/drupal-8.3.0/core/lib/Drupal/Core/StackMiddleware/NegotiationMiddleware.php:50
[11-Apr-2017 01:11:27 Europe/Madrid] PHP   6. Drupal\page_cache\StackMiddleware\PageCache->handle() /home/ubuntu/workspace/drupal-8.3.0/core/lib/Drupal/Core/StackMiddleware/ReverseProxyMiddleware.php:47
[11-Apr-2017 01:11:27 Europe/Madrid] PHP   7. Drupal\page_cache\StackMiddleware\PageCache->pass() /home/ubuntu/workspace/drupal-8.3.0/core/modules/page_cache/src/StackMiddleware/PageCache.php:78
[11-Apr-2017 01:11:27 Europe/Madrid] PHP   8. Drupal\Core\StackMiddleware\KernelPreHandle->handle() /home/ubuntu/workspace/drupal-8.3.0/core/modules/page_cache/src/StackMiddleware/PageCache.php:99
[11-Apr-2017 01:11:27 Europe/Madrid] PHP   9. Drupal\Core\StackMiddleware\Session->handle() /home/ubuntu/workspace/drupal-8.3.0/core/lib/Drupal/Core/StackMiddleware/KernelPreHandle.php:47
[11-Apr-2017 01:11:27 Europe/Madrid] PHP  10. Symfony\Component\HttpKernel\HttpKernel->handle() /home/ubuntu/workspace/drupal-8.3.0/core/lib/Drupal/Core/StackMiddleware/Session.php:57
[11-Apr-2017 01:11:27 Europe/Madrid] PHP  11. Symfony\Component\HttpKernel\HttpKernel->handleRaw() /home/ubuntu/workspace/drupal-8.3.0/vendor/symfony/http-kernel/HttpKernel.php:64
[11-Apr-2017 01:11:27 Europe/Madrid] PHP  12. call_user_func_array:{/home/ubuntu/workspace/drupal-8.3.0/vendor/symfony/http-kernel/HttpKernel.php:144}() /home/ubuntu/workspace/drupal-8.3.0/vendor/symfony/http-kernel/HttpKernel.php:144
[11-Apr-2017 01:11:27 Europe/Madrid] PHP  13. Drupal\Core\EventSubscriber\EarlyRenderingControllerWrapperSubscriber->Drupal\Core\EventSubscriber\{closure}() /home/ubuntu/workspace/drupal-8.3.0/vendor/symfony/http-kernel/HttpKernel.php:144
[11-Apr-2017 01:11:27 Europe/Madrid] PHP  14. Drupal\Core\EventSubscriber\EarlyRenderingControllerWrapperSubscriber->wrapControllerExecutionInRenderContext() /home/ubuntu/workspace/drupal-8.3.0/core/lib/Drupal/Core/EventSubscriber/EarlyRenderingControllerWrapperSubscriber.php:97
[11-Apr-2017 01:11:27 Europe/Madrid] PHP  15. Drupal\Core\Render\Renderer->executeInRenderContext() /home/ubuntu/workspace/drupal-8.3.0/core/lib/Drupal/Core/EventSubscriber/EarlyRenderingControllerWrapperSubscriber.php:124
[11-Apr-2017 01:11:27 Europe/Madrid] PHP  16. Drupal\Core\EventSubscriber\EarlyRenderingControllerWrapperSubscriber->Drupal\Core\EventSubscriber\{closure}() /home/ubuntu/workspace/drupal-8.3.0/core/lib/Drupal/Core/Render/Renderer.php:574
[11-Apr-2017 01:11:27 Europe/Madrid] PHP  17. call_user_func_array:{/home/ubuntu/workspace/drupal-8.3.0/core/lib/Drupal/Core/EventSubscriber/EarlyRenderingControllerWrapperSubscriber.php:123}() /home/ubuntu/workspace/drupal-8.3.0/core/lib/Drupal/Core/EventSubscriber/EarlyRenderingControllerWrapperSubscriber.php:123
[11-Apr-2017 01:11:27 Europe/Madrid] PHP  18. Drupal\Core\Controller\FormController->getContentResult() /home/ubuntu/workspace/drupal-8.3.0/core/lib/Drupal/Core/EventSubscriber/EarlyRenderingControllerWrapperSubscriber.php:123
[11-Apr-2017 01:11:27 Europe/Madrid] PHP  19. Drupal\Core\Form\FormBuilder->buildForm() /home/ubuntu/workspace/drupal-8.3.0/core/lib/Drupal/Core/Controller/FormController.php:74
[11-Apr-2017 01:11:27 Europe/Madrid] PHP  20. Drupal\Core\Form\FormBuilder->processForm() /home/ubuntu/workspace/drupal-8.3.0/core/lib/Drupal/Core/Form/FormBuilder.php:314
[11-Apr-2017 01:11:27 Europe/Madrid] PHP  21. Drupal\Core\Form\FormSubmitter->doSubmitForm() /home/ubuntu/workspace/drupal-8.3.0/core/lib/Drupal/Core/Form/FormBuilder.php:585
[11-Apr-2017 01:11:27 Europe/Madrid] PHP  22. Drupal\Core\Form\FormSubmitter->executeSubmitHandlers() /home/ubuntu/workspace/drupal-8.3.0/core/lib/Drupal/Core/Form/FormSubmitter.php:51
[11-Apr-2017 01:11:27 Europe/Madrid] PHP  23. call_user_func_array:{/home/ubuntu/workspace/drupal-8.3.0/core/lib/Drupal/Core/Form/FormSubmitter.php:111}() /home/ubuntu/workspace/drupal-8.3.0/core/lib/Drupal/Core/Form/FormSubmitter.php:111
[11-Apr-2017 01:11:27 Europe/Madrid] PHP  24. Drupal\backup_migrate\Form\BackupMigrateAdvancedBackupForm->submitForm() /home/ubuntu/workspace/drupal-8.3.0/core/lib/Drupal/Core/Form/FormSubmitter.php:111
[11-Apr-2017 01:11:27 Europe/Madrid] PHP  25. backup_migrate_perform_backup() /home/ubuntu/workspace/drupal-8.3.0/modules/backup_migrate/src/Form/BackupMigrateAdvancedBackupForm.php:94
[11-Apr-2017 01:11:27 Europe/Madrid] PHP  26. BackupMigrate\Core\Main\BackupMigrate->backup() /home/ubuntu/workspace/drupal-8.3.0/modules/backup_migrate/backup_migrate.module:26
[11-Apr-2017 01:11:27 Europe/Madrid] PHP  27. BackupMigrate\Core\Source\FileDirectorySource->exportToFile() /home/ubuntu/workspace/drupal-8.3.0/modules/backup_migrate/vendor/backupmigrate/core/src/Main/BackupMigrate.php:93
[11-Apr-2017 01:11:27 Europe/Madrid] PHP  28. BackupMigrate\Drupal\Source\DrupalSiteArchiveSource->getFilesToBackup() /home/ubuntu/workspace/drupal-8.3.0/modules/backup_migrate/vendor/backupmigrate/core/src/Source/FileDirectorySource.php:68
[11-Apr-2017 01:11:27 Europe/Madrid] PHP  29. BackupMigrate\Core\Source\MySQLiSource->exportToFile() /home/ubuntu/workspace/drupal-8.3.0/modules/backup_migrate/src/Source/DrupalSiteArchiveSource.php:60
[11-Apr-2017 01:29:17 Europe/Madrid] PHP Fatal error:  Call to a member function create() on a non-object in /home/ubuntu/workspace/drupal-8.3.0/modules/backup_migrate/vendor/backupmigrate/core/src/Source/MySQLiSource.php on line 48
[11-Apr-2017 01:29:17 Europe/Madrid] PHP Stack trace:
[11-Apr-2017 01:29:17 Europe/Madrid] PHP   1. {main}() /home/ubuntu/workspace/drupal-8.3.0/index.php:0
[11-Apr-2017 01:29:17 Europe/Madrid] PHP   2. Drupal\Core\DrupalKernel->handle() /home/ubuntu/workspace/drupal-8.3.0/index.php:19
[11-Apr-2017 01:29:17 Europe/Madrid] PHP   3. Stack\StackedHttpKernel->handle() /home/ubuntu/workspace/drupal-8.3.0/core/lib/Drupal/Core/DrupalKernel.php:656
[11-Apr-2017 01:29:17 Europe/Madrid] PHP   4. Drupal\Core\StackMiddleware\NegotiationMiddleware->handle() /home/ubuntu/workspace/drupal-8.3.0/vendor/stack/builder/src/Stack/StackedHttpKernel.php:23
[11-Apr-2017 01:29:17 Europe/Madrid] PHP   5. Drupal\Core\StackMiddleware\ReverseProxyMiddleware->handle() /home/ubuntu/workspace/drupal-8.3.0/core/lib/Drupal/Core/StackMiddleware/NegotiationMiddleware.php:50
[11-Apr-2017 01:29:17 Europe/Madrid] PHP   6. Drupal\page_cache\StackMiddleware\PageCache->handle() /home/ubuntu/workspace/drupal-8.3.0/core/lib/Drupal/Core/StackMiddleware/ReverseProxyMiddleware.php:47
[11-Apr-2017 01:29:17 Europe/Madrid] PHP   7. Drupal\page_cache\StackMiddleware\PageCache->pass() /home/ubuntu/workspace/drupal-8.3.0/core/modules/page_cache/src/StackMiddleware/PageCache.php:78
[11-Apr-2017 01:29:17 Europe/Madrid] PHP   8. Drupal\Core\StackMiddleware\KernelPreHandle->handle() /home/ubuntu/workspace/drupal-8.3.0/core/modules/page_cache/src/StackMiddleware/PageCache.php:99
[11-Apr-2017 01:29:17 Europe/Madrid] PHP   9. Drupal\Core\StackMiddleware\Session->handle() /home/ubuntu/workspace/drupal-8.3.0/core/lib/Drupal/Core/StackMiddleware/KernelPreHandle.php:47
[11-Apr-2017 01:29:17 Europe/Madrid] PHP  10. Symfony\Component\HttpKernel\HttpKernel->handle() /home/ubuntu/workspace/drupal-8.3.0/core/lib/Drupal/Core/StackMiddleware/Session.php:57
[11-Apr-2017 01:29:17 Europe/Madrid] PHP  11. Symfony\Component\HttpKernel\HttpKernel->handleRaw() /home/ubuntu/workspace/drupal-8.3.0/vendor/symfony/http-kernel/HttpKernel.php:64
[11-Apr-2017 01:29:17 Europe/Madrid] PHP  12. call_user_func_array:{/home/ubuntu/workspace/drupal-8.3.0/vendor/symfony/http-kernel/HttpKernel.php:144}() /home/ubuntu/workspace/drupal-8.3.0/vendor/symfony/http-kernel/HttpKernel.php:144
[11-Apr-2017 01:29:17 Europe/Madrid] PHP  13. Drupal\Core\EventSubscriber\EarlyRenderingControllerWrapperSubscriber->Drupal\Core\EventSubscriber\{closure}() /home/ubuntu/workspace/drupal-8.3.0/vendor/symfony/http-kernel/HttpKernel.php:144
[11-Apr-2017 01:29:17 Europe/Madrid] PHP  14. Drupal\Core\EventSubscriber\EarlyRenderingControllerWrapperSubscriber->wrapControllerExecutionInRenderContext() /home/ubuntu/workspace/drupal-8.3.0/core/lib/Drupal/Core/EventSubscriber/EarlyRenderingControllerWrapperSubscriber.php:97
[11-Apr-2017 01:29:17 Europe/Madrid] PHP  15. Drupal\Core\Render\Renderer->executeInRenderContext() /home/ubuntu/workspace/drupal-8.3.0/core/lib/Drupal/Core/EventSubscriber/EarlyRenderingControllerWrapperSubscriber.php:124
[11-Apr-2017 01:29:17 Europe/Madrid] PHP  16. Drupal\Core\EventSubscriber\EarlyRenderingControllerWrapperSubscriber->Drupal\Core\EventSubscriber\{closure}() /home/ubuntu/workspace/drupal-8.3.0/core/lib/Drupal/Core/Render/Renderer.php:574
[11-Apr-2017 01:29:17 Europe/Madrid] PHP  17. call_user_func_array:{/home/ubuntu/workspace/drupal-8.3.0/core/lib/Drupal/Core/EventSubscriber/EarlyRenderingControllerWrapperSubscriber.php:123}() /home/ubuntu/workspace/drupal-8.3.0/core/lib/Drupal/Core/EventSubscriber/EarlyRenderingControllerWrapperSubscriber.php:123
[11-Apr-2017 01:29:17 Europe/Madrid] PHP  18. Drupal\Core\Controller\FormController->getContentResult() /home/ubuntu/workspace/drupal-8.3.0/core/lib/Drupal/Core/EventSubscriber/EarlyRenderingControllerWrapperSubscriber.php:123
[11-Apr-2017 01:29:17 Europe/Madrid] PHP  19. Drupal\Core\Form\FormBuilder->buildForm() /home/ubuntu/workspace/drupal-8.3.0/core/lib/Drupal/Core/Controller/FormController.php:74
[11-Apr-2017 01:29:17 Europe/Madrid] PHP  20. Drupal\Core\Form\FormBuilder->processForm() /home/ubuntu/workspace/drupal-8.3.0/core/lib/Drupal/Core/Form/FormBuilder.php:314
[11-Apr-2017 01:29:17 Europe/Madrid] PHP  21. Drupal\Core\Form\FormSubmitter->doSubmitForm() /home/ubuntu/workspace/drupal-8.3.0/core/lib/Drupal/Core/Form/FormBuilder.php:585
[11-Apr-2017 01:29:17 Europe/Madrid] PHP  22. Drupal\Core\Form\FormSubmitter->executeSubmitHandlers() /home/ubuntu/workspace/drupal-8.3.0/core/lib/Drupal/Core/Form/FormSubmitter.php:51
[11-Apr-2017 01:29:17 Europe/Madrid] PHP  23. call_user_func_array:{/home/ubuntu/workspace/drupal-8.3.0/core/lib/Drupal/Core/Form/FormSubmitter.php:111}() /home/ubuntu/workspace/drupal-8.3.0/core/lib/Drupal/Core/Form/FormSubmitter.php:111
[11-Apr-2017 01:29:17 Europe/Madrid] PHP  24. Drupal\backup_migrate\Form\BackupMigrateQuickBackupForm->submitForm() /home/ubuntu/workspace/drupal-8.3.0/core/lib/Drupal/Core/Form/FormSubmitter.php:111
[11-Apr-2017 01:29:17 Europe/Madrid] PHP  25. backup_migrate_perform_backup() /home/ubuntu/workspace/drupal-8.3.0/modules/backup_migrate/src/Form/BackupMigrateQuickBackupForm.php:88
[11-Apr-2017 01:29:17 Europe/Madrid] PHP  26. BackupMigrate\Core\Main\BackupMigrate->backup() /home/ubuntu/workspace/drupal-8.3.0/modules/backup_migrate/backup_migrate.module:26
[11-Apr-2017 01:29:17 Europe/Madrid] PHP  27. BackupMigrate\Core\Source\FileDirectorySource->exportToFile() /home/ubuntu/workspace/drupal-8.3.0/modules/backup_migrate/vendor/backupmigrate/core/src/Main/BackupMigrate.php:93
[11-Apr-2017 01:29:17 Europe/Madrid] PHP  28. BackupMigrate\Drupal\Source\DrupalSiteArchiveSource->getFilesToBackup() /home/ubuntu/workspace/drupal-8.3.0/modules/backup_migrate/vendor/backupmigrate/core/src/Source/FileDirectorySource.php:68
[11-Apr-2017 01:29:17 Europe/Madrid] PHP  29. BackupMigrate\Core\Source\MySQLiSource->exportToFile() /home/ubuntu/workspace/drupal-8.3.0/modules/backup_migrate/src/Source/DrupalSiteArchiveSource.php:60
[11-Apr-2017 01:31:57 Europe/Madrid] PHP Fatal error:  Call to a member function create() on a non-object in /home/ubuntu/workspace/drupal-8.3.0/modules/backup_migrate/vendor/backupmigrate/core/src/Source/MySQLiSource.php on line 48
[11-Apr-2017 01:31:57 Europe/Madrid] PHP Stack trace:
[11-Apr-2017 01:31:57 Europe/Madrid] PHP   1. {main}() /home/ubuntu/workspace/drupal-8.3.0/index.php:0
[11-Apr-2017 01:31:57 Europe/Madrid] PHP   2. Drupal\Core\DrupalKernel->handle() /home/ubuntu/workspace/drupal-8.3.0/index.php:19
[11-Apr-2017 01:31:57 Europe/Madrid] PHP   3. Stack\StackedHttpKernel->handle() /home/ubuntu/workspace/drupal-8.3.0/core/lib/Drupal/Core/DrupalKernel.php:656
[11-Apr-2017 01:31:57 Europe/Madrid] PHP   4. Drupal\Core\StackMiddleware\NegotiationMiddleware->handle() /home/ubuntu/workspace/drupal-8.3.0/vendor/stack/builder/src/Stack/StackedHttpKernel.php:23
[11-Apr-2017 01:31:57 Europe/Madrid] PHP   5. Drupal\Core\StackMiddleware\ReverseProxyMiddleware->handle() /home/ubuntu/workspace/drupal-8.3.0/core/lib/Drupal/Core/StackMiddleware/NegotiationMiddleware.php:50
[11-Apr-2017 01:31:57 Europe/Madrid] PHP   6. Drupal\page_cache\StackMiddleware\PageCache->handle() /home/ubuntu/workspace/drupal-8.3.0/core/lib/Drupal/Core/StackMiddleware/ReverseProxyMiddleware.php:47
[11-Apr-2017 01:31:57 Europe/Madrid] PHP   7. Drupal\page_cache\StackMiddleware\PageCache->pass() /home/ubuntu/workspace/drupal-8.3.0/core/modules/page_cache/src/StackMiddleware/PageCache.php:78
[11-Apr-2017 01:31:57 Europe/Madrid] PHP   8. Drupal\Core\StackMiddleware\KernelPreHandle->handle() /home/ubuntu/workspace/drupal-8.3.0/core/modules/page_cache/src/StackMiddleware/PageCache.php:99
[11-Apr-2017 01:31:57 Europe/Madrid] PHP   9. Drupal\Core\StackMiddleware\Session->handle() /home/ubuntu/workspace/drupal-8.3.0/core/lib/Drupal/Core/StackMiddleware/KernelPreHandle.php:47
[11-Apr-2017 01:31:57 Europe/Madrid] PHP  10. Symfony\Component\HttpKernel\HttpKernel->handle() /home/ubuntu/workspace/drupal-8.3.0/core/lib/Drupal/Core/StackMiddleware/Session.php:57
[11-Apr-2017 01:31:57 Europe/Madrid] PHP  11. Symfony\Component\HttpKernel\HttpKernel->handleRaw() /home/ubuntu/workspace/drupal-8.3.0/vendor/symfony/http-kernel/HttpKernel.php:64
[11-Apr-2017 01:31:57 Europe/Madrid] PHP  12. call_user_func_array:{/home/ubuntu/workspace/drupal-8.3.0/vendor/symfony/http-kernel/HttpKernel.php:144}() /home/ubuntu/workspace/drupal-8.3.0/vendor/symfony/http-kernel/HttpKernel.php:144
[11-Apr-2017 01:31:57 Europe/Madrid] PHP  13. Drupal\Core\EventSubscriber\EarlyRenderingControllerWrapperSubscriber->Drupal\Core\EventSubscriber\{closure}() /home/ubuntu/workspace/drupal-8.3.0/vendor/symfony/http-kernel/HttpKernel.php:144
[11-Apr-2017 01:31:57 Europe/Madrid] PHP  14. Drupal\Core\EventSubscriber\EarlyRenderingControllerWrapperSubscriber->wrapControllerExecutionInRenderContext() /home/ubuntu/workspace/drupal-8.3.0/core/lib/Drupal/Core/EventSubscriber/EarlyRenderingControllerWrapperSubscriber.php:97
[11-Apr-2017 01:31:57 Europe/Madrid] PHP  15. Drupal\Core\Render\Renderer->executeInRenderContext() /home/ubuntu/workspace/drupal-8.3.0/core/lib/Drupal/Core/EventSubscriber/EarlyRenderingControllerWrapperSubscriber.php:124
[11-Apr-2017 01:31:57 Europe/Madrid] PHP  16. Drupal\Core\EventSubscriber\EarlyRenderingControllerWrapperSubscriber->Drupal\Core\EventSubscriber\{closure}() /home/ubuntu/workspace/drupal-8.3.0/core/lib/Drupal/Core/Render/Renderer.php:574
[11-Apr-2017 01:31:57 Europe/Madrid] PHP  17. call_user_func_array:{/home/ubuntu/workspace/drupal-8.3.0/core/lib/Drupal/Core/EventSubscriber/EarlyRenderingControllerWrapperSubscriber.php:123}() /home/ubuntu/workspace/drupal-8.3.0/core/lib/Drupal/Core/EventSubscriber/EarlyRenderingControllerWrapperSubscriber.php:123
[11-Apr-2017 01:31:57 Europe/Madrid] PHP  18. Drupal\Core\Controller\FormController->getContentResult() /home/ubuntu/workspace/drupal-8.3.0/core/lib/Drupal/Core/EventSubscriber/EarlyRenderingControllerWrapperSubscriber.php:123
[11-Apr-2017 01:31:57 Europe/Madrid] PHP  19. Drupal\Core\Form\FormBuilder->buildForm() /home/ubuntu/workspace/drupal-8.3.0/core/lib/Drupal/Core/Controller/FormController.php:74
[11-Apr-2017 01:31:57 Europe/Madrid] PHP  20. Drupal\Core\Form\FormBuilder->processForm() /home/ubuntu/workspace/drupal-8.3.0/core/lib/Drupal/Core/Form/FormBuilder.php:314
[11-Apr-2017 01:31:57 Europe/Madrid] PHP  21. Drupal\Core\Form\FormSubmitter->doSubmitForm() /home/ubuntu/workspace/drupal-8.3.0/core/lib/Drupal/Core/Form/FormBuilder.php:585
[11-Apr-2017 01:31:57 Europe/Madrid] PHP  22. Drupal\Core\Form\FormSubmitter->executeSubmitHandlers() /home/ubuntu/workspace/drupal-8.3.0/core/lib/Drupal/Core/Form/FormSubmitter.php:51
[11-Apr-2017 01:31:57 Europe/Madrid] PHP  23. call_user_func_array:{/home/ubuntu/workspace/drupal-8.3.0/core/lib/Drupal/Core/Form/FormSubmitter.php:111}() /home/ubuntu/workspace/drupal-8.3.0/core/lib/Drupal/Core/Form/FormSubmitter.php:111
[11-Apr-2017 01:31:57 Europe/Madrid] PHP  24. Drupal\backup_migrate\Form\BackupMigrateQuickBackupForm->submitForm() /home/ubuntu/workspace/drupal-8.3.0/core/lib/Drupal/Core/Form/FormSubmitter.php:111
[11-Apr-2017 01:31:57 Europe/Madrid] PHP  25. backup_migrate_perform_backup() /home/ubuntu/workspace/drupal-8.3.0/modules/backup_migrate/src/Form/BackupMigrateQuickBackupForm.php:88
[11-Apr-2017 01:31:57 Europe/Madrid] PHP  26. BackupMigrate\Core\Main\BackupMigrate->backup() /home/ubuntu/workspace/drupal-8.3.0/modules/backup_migrate/backup_migrate.module:26
[11-Apr-2017 01:31:57 Europe/Madrid] PHP  27. BackupMigrate\Core\Source\FileDirectorySource->exportToFile() /home/ubuntu/workspace/drupal-8.3.0/modules/backup_migrate/vendor/backupmigrate/core/src/Main/BackupMigrate.php:93
[11-Apr-2017 01:31:57 Europe/Madrid] PHP  28. BackupMigrate\Drupal\Source\DrupalSiteArchiveSource->getFilesToBackup() /home/ubuntu/workspace/drupal-8.3.0/modules/backup_migrate/vendor/backupmigrate/core/src/Source/FileDirectorySource.php:68
[11-Apr-2017 01:31:57 Europe/Madrid] PHP  29. BackupMigrate\Core\Source\MySQLiSource->exportToFile() /home/ubuntu/workspace/drupal-8.3.0/modules/backup_migrate/src/Source/DrupalSiteArchiveSource.php:60
